[0616/155702:WARNING:dns_config_service_win.cc(674)] Failed to read DnsConfig.
[0616/172837:WARNING:dns_config_service_win.cc(674)] Failed to read DnsConfig.
[0616/172837:WARNING:dns_config_service_win.cc(674)] Failed to read DnsConfig.
[0616/172839:WARNING:dns_config_service_win.cc(674)] Failed to read DnsConfig.
[0616/173045:WARNING:dns_config_service_win.cc(674)] Failed to read DnsConfig.
[0616/173050:WARNING:dns_config_service_win.cc(674)] Failed to read DnsConfig.
[0616/173055:WARNING:dns_config_service_win.cc(674)] Failed to read DnsConfig.
[0616/173100:WARNING:dns_config_service_win.cc(674)] Failed to read DnsConfig.
[0616/173105:WARNING:dns_config_service_win.cc(674)] Failed to read DnsConfig.
[0616/173110:WARNING:dns_config_service_win.cc(674)] Failed to read DnsConfig.
[0616/173115:WARNING:dns_config_service_win.cc(674)] Failed to read DnsConfig.
[0616/173120:WARNING:dns_config_service_win.cc(674)] Failed to read DnsConfig.
[0616/173125:WARNING:dns_config_service_win.cc(674)] Failed to read DnsConfig.
[0616/173130:WARNING:dns_config_service_win.cc(674)] Failed to read DnsConfig.
[0616/173135:WARNING:dns_config_service_win.cc(674)] Failed to read DnsConfig.
[0616/173301:WARNING:dns_config_service_win.cc(674)] Failed to read DnsConfig.
[0616/173306:WARNING:dns_config_service_win.cc(674)] Failed to read DnsConfig.
[0616/173311:WARNING:dns_config_service_win.cc(674)] Failed to read DnsConfig.
[0616/173316:WARNING:dns_config_service_win.cc(674)] Failed to read DnsConfig.
[0617/161744:WARNING:dns_config_service_win.cc(674)] Failed to read DnsConfig.
[0617/161749:WARNING:dns_config_service_win.cc(674)] Failed to read DnsConfig.
[0617/161754:WARNING:dns_config_service_win.cc(674)] Failed to read DnsConfig.
[0617/161759:WARNING:dns_config_service_win.cc(674)] Failed to read DnsConfig.
[0617/161804:WARNING:dns_config_service_win.cc(674)] Failed to read DnsConfig.
[0617/164606:WARNING:dns_config_service_win.cc(674)] Failed to read DnsConfig.
[0618/073919:WARNING:dns_config_service_win.cc(674)] Failed to read DnsConfig.
[0618/164515:WARNING:dns_config_service_win.cc(674)] Failed to read DnsConfig.
[0618/164520:WARNING:dns_config_service_win.cc(674)] Failed to read DnsConfig.
[0618/164527:WARNING:dns_config_service_win.cc(674)] Failed to read DnsConfig.
[0618/164536:WARNING:dns_config_service_win.cc(674)] Failed to read DnsConfig.
[0618/164542:WARNING:dns_config_service_win.cc(674)] Failed to read DnsConfig.
[0619/080249:WARNING:dns_config_service_win.cc(674)] Failed to read DnsConfig.
[0619/080250:WARNING:dns_config_service_win.cc(674)] Failed to read DnsConfig.
[0619/092335:WARNING:dns_config_service_win.cc(674)] Failed to read DnsConfig.
[0619/092340:WARNING:dns_config_service_win.cc(674)] Failed to read DnsConfig.
[0619/092345:WARNING:dns_config_service_win.cc(674)] Failed to read DnsConfig.
[0619/092350:WARNING:dns_config_service_win.cc(674)] Failed to read DnsConfig.
[0619/092355:WARNING:dns_config_service_win.cc(674)] Failed to read DnsConfig.
[0619/092400:WARNING:dns_config_service_win.cc(674)] Failed to read DnsConfig.
[0619/092405:WARNING:dns_config_service_win.cc(674)] Failed to read DnsConfig.
[0619/092410:WARNING:dns_config_service_win.cc(674)] Failed to read DnsConfig.
[0619/092415:WARNING:dns_config_service_win.cc(674)] Failed to read DnsConfig.
[0619/092420:WARNING:dns_config_service_win.cc(674)] Failed to read DnsConfig.
[0619/092425:WARNING:dns_config_service_win.cc(674)] Failed to read DnsConfig.
[0619/092430:WARNING:dns_config_service_win.cc(674)] Failed to read DnsConfig.
[0619/092435:WARNING:dns_config_service_win.cc(674)] Failed to read DnsConfig.
[0619/092440:WARNING:dns_config_service_win.cc(674)] Failed to read DnsConfig.
[0619/092445:WARNING:dns_config_service_win.cc(674)] Failed to read DnsConfig.
[0619/092450:WARNING:dns_config_service_win.cc(674)] Failed to read DnsConfig.
[0619/092455:WARNING:dns_config_service_win.cc(674)] Failed to read DnsConfig.
[0619/092500:WARNING:dns_config_service_win.cc(674)] Failed to read DnsConfig.
[0619/092505:WARNING:dns_config_service_win.cc(674)] Failed to read DnsConfig.
[0619/092510:WARNING:dns_config_service_win.cc(674)] Failed to read DnsConfig.
[0619/092515:WARNING:dns_config_service_win.cc(674)] Failed to read DnsConfig.
[0619/092520:WARNING:dns_config_service_win.cc(674)] Failed to read DnsConfig.
[0619/092525:WARNING:dns_config_service_win.cc(674)] Failed to read DnsConfig.
[0619/092530:WARNING:dns_config_service_win.cc(674)] Failed to read DnsConfig.
[0619/092535:WARNING:dns_config_service_win.cc(674)] Failed to read DnsConfig.
[0619/092540:WARNING:dns_config_service_win.cc(674)] Failed to read DnsConfig.
[0619/092545:WARNING:dns_config_service_win.cc(674)] Failed to read DnsConfig.
[0619/092550:WARNING:dns_config_service_win.cc(674)] Failed to read DnsConfig.
[0619/092555:WARNING:dns_config_service_win.cc(674)] Failed to read DnsConfig.
[0619/092559:WARNING:dns_config_service_win.cc(674)] Failed to read DnsConfig.
[0619/092600:WARNING:dns_config_service_win.cc(674)] Failed to read DnsConfig.
[0619/092604:WARNING:dns_config_service_win.cc(674)] Failed to read DnsConfig.
[0619/092605:WARNING:dns_config_service_win.cc(674)] Failed to read DnsConfig.
[0619/092609:WARNING:dns_config_service_win.cc(674)] Failed to read DnsConfig.
[0619/092610:WARNING:dns_config_service_win.cc(674)] Failed to read DnsConfig.
[0619/092614:WARNING:dns_config_service_win.cc(674)] Failed to read DnsConfig.
[0619/092615:WARNING:dns_config_service_win.cc(674)] Failed to read DnsConfig.
[0619/092619:WARNING:dns_config_service_win.cc(674)] Failed to read DnsConfig.
[0619/092620:WARNING:dns_config_service_win.cc(674)] Failed to read DnsConfig.
[0619/092624:WARNING:dns_config_service_win.cc(674)] Failed to read DnsConfig.
[0619/092625:WARNING:dns_config_service_win.cc(674)] Failed to read DnsConfig.
[0619/092629:WARNING:dns_config_service_win.cc(674)] Failed to read DnsConfig.
[0619/092630:WARNING:dns_config_service_win.cc(674)] Failed to read DnsConfig.
[0619/092631:WARNING:dns_config_service_win.cc(674)] Failed to read DnsConfig.
[0619/092634:WARNING:dns_config_service_win.cc(674)] Failed to read DnsConfig.
[0619/092635:WARNING:dns_config_service_win.cc(674)] Failed to read DnsConfig.
[0619/092636:WARNING:dns_config_service_win.cc(674)] Failed to read DnsConfig.
[0619/092639:WARNING:dns_config_service_win.cc(674)] Failed to read DnsConfig.
[0619/092640:WARNING:dns_config_service_win.cc(674)] Failed to read DnsConfig.
[0619/092641:WARNING:dns_config_service_win.cc(674)] Failed to read DnsConfig.
[0619/092644:WARNING:dns_config_service_win.cc(674)] Failed to read DnsConfig.
[0619/092645:WARNING:dns_config_service_win.cc(674)] Failed to read DnsConfig.
[0619/092646:WARNING:dns_config_service_win.cc(674)] Failed to read DnsConfig.
[0619/092647:WARNING:dns_config_service_win.cc(674)] Failed to read DnsConfig.
[0619/092649:WARNING:dns_config_service_win.cc(674)] Failed to read DnsConfig.
[0619/092650:WARNING:dns_config_service_win.cc(674)] Failed to read DnsConfig.
[0619/092651:WARNING:dns_config_service_win.cc(674)] Failed to read DnsConfig.
[0619/092652:WARNING:dns_config_service_win.cc(674)] Failed to read DnsConfig.
[0619/092654:WARNING:dns_config_service_win.cc(674)] Failed to read DnsConfig.
[0619/092655:WARNING:dns_config_service_win.cc(674)] Failed to read DnsConfig.
[0619/092656:WARNING:dns_config_service_win.cc(674)] Failed to read DnsConfig.
[0619/092657:WARNING:dns_config_service_win.cc(674)] Failed to read DnsConfig.
[0619/092659:WARNING:dns_config_service_win.cc(674)] Failed to read DnsConfig.
[0619/092700:WARNING:dns_config_service_win.cc(674)] Failed to read DnsConfig.
[0619/092701:WARNING:dns_config_service_win.cc(674)] Failed to read DnsConfig.
[0619/092702:WARNING:dns_config_service_win.cc(674)] Failed to read DnsConfig.
[0619/092704:WARNING:dns_config_service_win.cc(674)] Failed to read DnsConfig.
[0619/092705:WARNING:dns_config_service_win.cc(674)] Failed to read DnsConfig.
[0619/092706:WARNING:dns_config_service_win.cc(674)] Failed to read DnsConfig.
[0619/092706:WARNING:dns_config_service_win.cc(674)] Failed to read DnsConfig.
[0619/092707:WARNING:dns_config_service_win.cc(674)] Failed to read DnsConfig.
[0619/092709:WARNING:dns_config_service_win.cc(674)] Failed to read DnsConfig.
[0619/092710:WARNING:dns_config_service_win.cc(674)] Failed to read DnsConfig.
[0619/092710:WARNING:dns_config_service_win.cc(674)] Failed to read DnsConfig.
[0619/092711:WARNING:dns_config_service_win.cc(674)] Failed to read DnsConfig.
[0619/092711:WARNING:dns_config_service_win.cc(674)] Failed to read DnsConfig.
[0619/092712:WARNING:dns_config_service_win.cc(674)] Failed to read DnsConfig.
[0619/092714:WARNING:dns_config_service_win.cc(674)] Failed to read DnsConfig.
[0619/092715:WARNING:dns_config_service_win.cc(674)] Failed to read DnsConfig.
[0619/092715:WARNING:dns_config_service_win.cc(674)] Failed to read DnsConfig.
[0619/092716:WARNING:dns_config_service_win.cc(674)] Failed to read DnsConfig.
[0619/092716:WARNING:dns_config_service_win.cc(674)] Failed to read DnsConfig.
[0619/092717:WARNING:dns_config_service_win.cc(674)] Failed to read DnsConfig.
[0619/092719:WARNING:dns_config_service_win.cc(674)] Failed to read DnsConfig.
[0619/092720:WARNING:dns_config_service_win.cc(674)] Failed to read DnsConfig.
[0619/092720:WARNING:dns_config_service_win.cc(674)] Failed to read DnsConfig.
[0619/092721:WARNING:dns_config_service_win.cc(674)] Failed to read DnsConfig.
[0619/092721:WARNING:dns_config_service_win.cc(674)] Failed to read DnsConfig.
[0619/092722:WARNING:dns_config_service_win.cc(674)] Failed to read DnsConfig.
[0619/092724:WARNING:dns_config_service_win.cc(674)] Failed to read DnsConfig.
[0619/092725:WARNING:dns_config_service_win.cc(674)] Failed to read DnsConfig.
[0619/092725:WARNING:dns_config_service_win.cc(674)] Failed to read DnsConfig.
[0619/092726:WARNING:dns_config_service_win.cc(674)] Failed to read DnsConfig.
[0619/092726:WARNING:dns_config_service_win.cc(674)] Failed to read DnsConfig.
[0619/092727:WARNING:dns_config_service_win.cc(674)] Failed to read DnsConfig.
[0619/092729:WARNING:dns_config_service_win.cc(674)] Failed to read DnsConfig.
[0619/092730:WARNING:dns_config_service_win.cc(674)] Failed to read DnsConfig.
[0619/092730:WARNING:dns_config_service_win.cc(674)] Failed to read DnsConfig.
[0619/092731:WARNING:dns_config_service_win.cc(674)] Failed to read DnsConfig.
[0619/092731:WARNING:dns_config_service_win.cc(674)] Failed to read DnsConfig.
[0619/092732:WARNING:dns_config_service_win.cc(674)] Failed to read DnsConfig.
[0619/092734:WARNING:dns_config_service_win.cc(674)] Failed to read DnsConfig.
[0619/092735:WARNING:dns_config_service_win.cc(674)] Failed to read DnsConfig.
[0619/092735:WARNING:dns_config_service_win.cc(674)] Failed to read DnsConfig.
[0619/092736:WARNING:dns_config_service_win.cc(674)] Failed to read DnsConfig.
[0619/092736:WARNING:dns_config_service_win.cc(674)] Failed to read DnsConfig.
[0619/092737:WARNING:dns_config_service_win.cc(674)] Failed to read DnsConfig.
[0619/092739:WARNING:dns_config_service_win.cc(674)] Failed to read DnsConfig.
[0619/092740:WARNING:dns_config_service_win.cc(674)] Failed to read DnsConfig.
[0619/092740:WARNING:dns_config_service_win.cc(674)] Failed to read DnsConfig.
[0619/092741:WARNING:dns_config_service_win.cc(674)] Failed to read DnsConfig.
[0619/092741:WARNING:dns_config_service_win.cc(674)] Failed to read DnsConfig.
[0619/092742:WARNING:dns_config_service_win.cc(674)] Failed to read DnsConfig.
[0619/092744:WARNING:dns_config_service_win.cc(674)] Failed to read DnsConfig.
[0619/092745:WARNING:dns_config_service_win.cc(674)] Failed to read DnsConfig.
[0619/092745:WARNING:dns_config_service_win.cc(674)] Failed to read DnsConfig.
[0619/092746:WARNING:dns_config_service_win.cc(674)] Failed to read DnsConfig.
[0619/092746:WARNING:dns_config_service_win.cc(674)] Failed to read DnsConfig.
[0619/092747:WARNING:dns_config_service_win.cc(674)] Failed to read DnsConfig.
[0619/092749:WARNING:dns_config_service_win.cc(674)] Failed to read DnsConfig.
[0619/092750:WARNING:dns_config_service_win.cc(674)] Failed to read DnsConfig.
[0619/092750:WARNING:dns_config_service_win.cc(674)] Failed to read DnsConfig.
[0619/092751:WARNING:dns_config_service_win.cc(674)] Failed to read DnsConfig.
[0619/092751:WARNING:dns_config_service_win.cc(674)] Failed to read DnsConfig.
[0619/092752:WARNING:dns_config_service_win.cc(674)] Failed to read DnsConfig.
[0619/092754:WARNING:dns_config_service_win.cc(674)] Failed to read DnsConfig.
[0619/092755:WARNING:dns_config_service_win.cc(674)] Failed to read DnsConfig.
[0619/092755:WARNING:dns_config_service_win.cc(674)] Failed to read DnsConfig.
[0619/092756:WARNING:dns_config_service_win.cc(674)] Failed to read DnsConfig.
[0619/092756:WARNING:dns_config_service_win.cc(674)] Failed to read DnsConfig.
[0619/092757:WARNING:dns_config_service_win.cc(674)] Failed to read DnsConfig.
[0619/092759:WARNING:dns_config_service_win.cc(674)] Failed to read DnsConfig.
[0619/092800:WARNING:dns_config_service_win.cc(674)] Failed to read DnsConfig.
[0619/092800:WARNING:dns_config_service_win.cc(674)] Failed to read DnsConfig.
[0619/092801:WARNING:dns_config_service_win.cc(674)] Failed to read DnsConfig.
[0619/092801:WARNING:dns_config_service_win.cc(674)] Failed to read DnsConfig.
[0619/092802:WARNING:dns_config_service_win.cc(674)] Failed to read DnsConfig.
[0619/092802:WARNING:dns_config_service_win.cc(674)] Failed to read DnsConfig.
[0619/092804:WARNING:dns_config_service_win.cc(674)] Failed to read DnsConfig.
[0619/092805:WARNING:dns_config_service_win.cc(674)] Failed to read DnsConfig.
[0619/092805:WARNING:dns_config_service_win.cc(674)] Failed to read DnsConfig.
[0619/092806:WARNING:dns_config_service_win.cc(674)] Failed to read DnsConfig.
[0619/092806:WARNING:dns_config_service_win.cc(674)] Failed to read DnsConfig.
[0619/092807:WARNING:dns_config_service_win.cc(674)] Failed to read DnsConfig.
[0619/092807:WARNING:dns_config_service_win.cc(674)] Failed to read DnsConfig.
[0619/092809:WARNING:dns_config_service_win.cc(674)] Failed to read DnsConfig.
[0619/092810:WARNING:dns_config_service_win.cc(674)] Failed to read DnsConfig.
[0619/113812:WARNING:url_request_job_manager.cc(89)] Failed to map: weixin://resourceid/blank
[0619/120654:INFO:http_cache_transaction.cc(72)] IgnoreZeroCacheError: 0
[0619/120702:WARNING:webmediaplayer_impl.cc(341)] Using MultibufferDataSource
[0619/120710:WARNING:webmediaplayer_impl.cc(341)] Using MultibufferDataSource
[0619/120756:WARNING:webmediaplayer_impl.cc(341)] Using MultibufferDataSource
[0619/120810:ERROR:ffmpeg_demuxer.cc(1510)] media::FFmpegDemuxer::OnReadFrameDone result=-541478725 IsMaxMemoryUsageReached=0
[0619/120813:WARNING:webmediaplayer_impl.cc(341)] Using MultibufferDataSource
[0619/120826:WARNING:webmediaplayer_impl.cc(341)] Using MultibufferDataSource
[0619/120841:WARNING:webmediaplayer_impl.cc(341)] Using MultibufferDataSource
[0619/120904:WARNING:url_request_job_manager.cc(89)] Failed to map: weixin://resourceid/blank
[0619/125302:WARNING:dns_config_service_win.cc(674)] Failed to read DnsConfig.
[0619/125307:WARNING:dns_config_service_win.cc(674)] Failed to read DnsConfig.
[0619/125312:WARNING:dns_config_service_win.cc(674)] Failed to read DnsConfig.
[0619/125317:WARNING:dns_config_service_win.cc(674)] Failed to read DnsConfig.
[0619/125322:WARNING:dns_config_service_win.cc(674)] Failed to read DnsConfig.
[0619/125327:WARNING:dns_config_service_win.cc(674)] Failed to read DnsConfig.
[0619/125332:WARNING:dns_config_service_win.cc(674)] Failed to read DnsConfig.
[0619/125337:WARNING:dns_config_service_win.cc(674)] Failed to read DnsConfig.
[0619/125342:WARNING:dns_config_service_win.cc(674)] Failed to read DnsConfig.
[0619/125347:WARNING:dns_config_service_win.cc(674)] Failed to read DnsConfig.
[0619/125352:WARNING:dns_config_service_win.cc(674)] Failed to read DnsConfig.
[0619/125357:WARNING:dns_config_service_win.cc(674)] Failed to read DnsConfig.
[0619/125402:WARNING:dns_config_service_win.cc(674)] Failed to read DnsConfig.
[0619/125440:WARNING:dns_config_service_win.cc(674)] Failed to read DnsConfig.
[0619/125445:WARNING:dns_config_service_win.cc(674)] Failed to read DnsConfig.
[0619/125450:WARNING:dns_config_service_win.cc(674)] Failed to read DnsConfig.
[0619/125455:WARNING:dns_config_service_win.cc(674)] Failed to read DnsConfig.
[0619/150246:WARNING:dns_config_service_win.cc(674)] Failed to read DnsConfig.
[0619/150251:WARNING:dns_config_service_win.cc(674)] Failed to read DnsConfig.
[0619/150256:WARNING:dns_config_service_win.cc(674)] Failed to read DnsConfig.
[0619/150301:WARNING:dns_config_service_win.cc(674)] Failed to read DnsConfig.
[0619/150306:WARNING:dns_config_service_win.cc(674)] Failed to read DnsConfig.
[0619/150311:WARNING:dns_config_service_win.cc(674)] Failed to read DnsConfig.
[0619/150316:WARNING:dns_config_service_win.cc(674)] Failed to read DnsConfig.
[0619/150321:WARNING:dns_config_service_win.cc(674)] Failed to read DnsConfig.
[0619/150326:WARNING:dns_config_service_win.cc(674)] Failed to read DnsConfig.
[0619/150331:WARNING:dns_config_service_win.cc(674)] Failed to read DnsConfig.
[0619/150336:WARNING:dns_config_service_win.cc(674)] Failed to read DnsConfig.
[0619/150341:WARNING:dns_config_service_win.cc(674)] Failed to read DnsConfig.
[0619/150346:WARNING:dns_config_service_win.cc(674)] Failed to read DnsConfig.
[0619/150351:WARNING:dns_config_service_win.cc(674)] Failed to read DnsConfig.
[0619/150356:WARNING:dns_config_service_win.cc(674)] Failed to read DnsConfig.
[0619/150401:WARNING:dns_config_service_win.cc(674)] Failed to read DnsConfig.
[0619/150406:WARNING:dns_config_service_win.cc(674)] Failed to read DnsConfig.
[0619/150411:WARNING:dns_config_service_win.cc(674)] Failed to read DnsConfig.
[0619/150416:WARNING:dns_config_service_win.cc(674)] Failed to read DnsConfig.
[0619/150421:WARNING:dns_config_service_win.cc(674)] Failed to read DnsConfig.
[0619/150426:WARNING:dns_config_service_win.cc(674)] Failed to read DnsConfig.
[0619/150431:WARNING:dns_config_service_win.cc(674)] Failed to read DnsConfig.
[0619/150436:WARNING:dns_config_service_win.cc(674)] Failed to read DnsConfig.
[0619/150441:WARNING:dns_config_service_win.cc(674)] Failed to read DnsConfig.
[0619/150446:WARNING:dns_config_service_win.cc(674)] Failed to read DnsConfig.
[0619/150451:WARNING:dns_config_service_win.cc(674)] Failed to read DnsConfig.
[0619/150456:WARNING:dns_config_service_win.cc(674)] Failed to read DnsConfig.
[0619/150501:WARNING:dns_config_service_win.cc(674)] Failed to read DnsConfig.
[0619/150506:WARNING:dns_config_service_win.cc(674)] Failed to read DnsConfig.
[0619/150511:WARNING:dns_config_service_win.cc(674)] Failed to read DnsConfig.
[0619/150516:WARNING:dns_config_service_win.cc(674)] Failed to read DnsConfig.
[0619/150521:WARNING:dns_config_service_win.cc(674)] Failed to read DnsConfig.
[0619/150526:WARNING:dns_config_service_win.cc(674)] Failed to read DnsConfig.
[0619/150531:WARNING:dns_config_service_win.cc(674)] Failed to read DnsConfig.
[0619/150536:WARNING:dns_config_service_win.cc(674)] Failed to read DnsConfig.
[0619/150541:WARNING:dns_config_service_win.cc(674)] Failed to read DnsConfig.
[0619/150546:WARNING:dns_config_service_win.cc(674)] Failed to read DnsConfig.
[0619/150551:WARNING:dns_config_service_win.cc(674)] Failed to read DnsConfig.
[0619/164546:WARNING:dns_config_service_win.cc(674)] Failed to read DnsConfig.
[0619/164552:WARNING:dns_config_service_win.cc(674)] Failed to read DnsConfig.
[0619/164557:WARNING:dns_config_service_win.cc(674)] Failed to read DnsConfig.
[0621/075031:WARNING:dns_config_service_win.cc(674)] Failed to read DnsConfig.
